<?xml version="1.0" encoding="UTF-8"?>
<!-- Generated by org.testng.reporters.JUnitReportReporter -->
<testsuite hostname="DESKTOP-7LDPBGD" failures="0" tests="1" name="basicInfoAboutYouTest.BasicInfoAboutYouTest" time="66.295" errors="0" timestamp="2022-11-13T23:48:49 EST" skipped="0">
  <testcase classname="basicInfoAboutYouTest.BasicInfoAboutYouTest" name="BasicInfoAboutYou" time="66.295"/>
  <system-out>
    <![CDATA[[[ChromeDriver: chrome on WINDOWS (0f3c64a44d99f2fe89be768912bf5336)] -> xpath: (//button[@class='OpenQrfButton button-primary'])[1]] <--- has been clicked<br>]]>
  </system-out>
</testsuite> <!-- basicInfoAboutYouTest.BasicInfoAboutYouTest -->
