<?xml version="1.0" encoding="UTF-8"?>
<!-- Generated by org.testng.reporters.JUnitReportReporter -->
<testsuite hostname="DESKTOP-7LDPBGD" failures="0" tests="1" name="enterYourAddress.EnterYourAddressTest" time="63.649" errors="0" timestamp="2022-11-13T23:04:58 EST" skipped="0">
  <testcase classname="enterYourAddress.EnterYourAddressTest" name="enterYourAddressTest" time="63.649"/>
  <system-out>
    <![CDATA[[[ChromeDriver: chrome on WINDOWS (bd59be8b5e36a3d15e4a90c353891690)] -> xpath: (//button[@class='OpenQrfButton button-primary'])[1]] <--- has been clicked<br>]]>
  </system-out>
</testsuite> <!-- enterYourAddress.EnterYourAddressTest -->
