<?xml version="1.0" encoding="UTF-8"?>
<!-- Generated by org.testng.reporters.JUnitReportReporter -->
<testsuite hostname="DESKTOP-7LDPBGD" failures="0" tests="1" name="auto.HomePageTest" time="7.158" errors="0" timestamp="2022-11-12T22:07:57 EST" skipped="0">
  <testcase classname="auto.HomePageTest" name="autoTest" time="7.158"/>
  <system-out>
    <![CDATA[[[ChromeDriver: chrome on WINDOWS (476ad6fcfee5ff1e16f2b6cbe03ea153)] -> xpath: (//button[@class='OpenQrfButton button-primary'])[1]] <--- has been clicked<br>
10472 : has been passed to ---> [[ChromeDriver: chrome on WINDOWS (476ad6fcfee5ff1e16f2b6cbe03ea153)] -> xpath: (//button[@class='OpenQrfButton button-primary'])[1]]<br>]]>
  </system-out>
</testsuite> <!-- auto.HomePageTest -->
