<?xml version="1.0" encoding="UTF-8"?>
<!-- Generated by org.testng.reporters.JUnitReportReporter -->
<testsuite hostname="DESKTOP-7LDPBGD" failures="0" tests="1" name="letsGoStarted.LetsGoStartedTest" time="9.870" errors="0" timestamp="2022-11-12T22:22:57 EST" skipped="0">
  <testcase classname="letsGoStarted.LetsGoStartedTest" name="letsGoStartedTest" time="9.870"/>
  <system-out>
    <![CDATA[[[ChromeDriver: chrome on WINDOWS (af71be6e8eaea1768c3a2ff76248a377)] -> xpath: (//button[@class='OpenQrfButton button-primary'])[1]] <--- has been clicked<br>
10472 : has been passed to ---> [[ChromeDriver: chrome on WINDOWS (af71be6e8eaea1768c3a2ff76248a377)] -> xpath: //input[@name='zipCode']]<br>
[[ChromeDriver: chrome on WINDOWS (af71be6e8eaea1768c3a2ff76248a377)] -> xpath: //span[text()=' Home ']] <--- has been clicked<br>
[[ChromeDriver: chrome on WINDOWS (af71be6e8eaea1768c3a2ff76248a377)] -> class name: LoadingButton__content] <--- has been clicked<br>]]>
  </system-out>
</testsuite> <!-- letsGoStarted.LetsGoStartedTest -->
