<?xml version="1.0" encoding="UTF-8"?>
<!-- Generated by org.testng.reporters.JUnitReportReporter -->
<testsuite hostname="DESKTOP-7LDPBGD" failures="0" tests="1" name="continueToHomePageTest.ContinueToHomePageTest" time="8.720" errors="0" timestamp="2022-11-13T23:01:29 EST" skipped="0">
  <testcase classname="continueToHomePageTest.ContinueToHomePageTest" name="continueToHomePageTest" time="8.720"/>
  <system-out>
    <![CDATA[[[ChromeDriver: chrome on WINDOWS (2f10f93dfae3631bd46acc475b4b67d6)] -> xpath: (//button[@class='OpenQrfButton button-primary'])[1]] <--- has been clicked<br>]]>
  </system-out>
</testsuite> <!-- continueToHomePageTest.ContinueToHomePageTest -->
